app/build/intermediates/manifest_merge_blame_file/debug/manifest-merger-blame-debug-report.txt
1<?xml version="1.0" encoding="utf-8"?>
2<manifest xmlns:android="http://schemas.android.com/apk/res/android"
3    package="amc.g11.climbharder"
4    android:versionCode="1"
5    android:versionName="1.0" >
6
7    <uses-sdk
8        android:minSdkVersion="20"
8-->src/main/AndroidManifest.xml
9        android:targetSdkVersion="32" />
9-->src/main/AndroidManifest.xml
10
11    <uses-permission android:name="android.permission.POST_NOTIFICATIONS" />
11-->src/main/AndroidManifest.xml:6:5-76
11-->src/main/AndroidManifest.xml:6:22-74
12    <uses-permission android:name="android.permission.WAKE_LOCK" />
12-->[androidx.work:work-runtime:2.7.1] AndroidManifest.xml:25:5-68
12-->[androidx.work:work-runtime:2.7.1] AndroidManifest.xml:25:22-65
13    <uses-permission android:name="android.permission.ACCESS_NETWORK_STATE" />
13-->[androidx.work:work-runtime:2.7.1] AndroidManifest.xml:26:5-79
13-->[androidx.work:work-runtime:2.7.1] AndroidManifest.xml:26:22-76
14    <uses-permission android:name="android.permission.RECEIVE_BOOT_COMPLETED" />
14-->[androidx.work:work-runtime:2.7.1] AndroidManifest.xml:27:5-81
14-->[androidx.work:work-runtime:2.7.1] AndroidManifest.xml:27:22-78
15    <uses-permission android:name="android.permission.FOREGROUND_SERVICE" />
15-->[androidx.work:work-runtime:2.7.1] AndroidManifest.xml:28:5-77
15-->[androidx.work:work-runtime:2.7.1] AndroidManifest.xml:28:22-74
16
17    <application
17-->src/main/AndroidManifest.xml:8:5-28:19
18        android:name="amc.g11.climbharder.ClimbHarderApplication"
18-->src/main/AndroidManifest.xml:9:9-66
19        android:allowBackup="true"
19-->src/main/AndroidManifest.xml:10:9-35
20        android:appComponentFactory="androidx.core.app.CoreComponentFactory"
20-->[androidx.core:core:1.7.0] AndroidManifest.xml:24:18-86
21        android:dataExtractionRules="@xml/data_extraction_rules"
21-->src/main/AndroidManifest.xml:11:9-65
22        android:debuggable="true"
23        android:fullBackupContent="@xml/backup_rules"
23-->src/main/AndroidManifest.xml:12:9-54
24        android:icon="@mipmap/ic_launcher"
24-->src/main/AndroidManifest.xml:13:9-43
25        android:label="@string/app_name"
25-->src/main/AndroidManifest.xml:14:9-41
26        android:roundIcon="@mipmap/ic_launcher_round"
26-->src/main/AndroidManifest.xml:15:9-54
27        android:supportsRtl="true"
27-->src/main/AndroidManifest.xml:16:9-35
28        android:testOnly="true"
29        android:theme="@style/Theme.ClimbHarder" >
29-->src/main/AndroidManifest.xml:17:9-49
30        <activity
30-->src/main/AndroidManifest.xml:19:9-27:20
31            android:name="amc.g11.climbharder.MainActivity"
31-->src/main/AndroidManifest.xml:20:13-60
32            android:exported="true" >
32-->src/main/AndroidManifest.xml:21:13-36
33            <intent-filter>
33-->src/main/AndroidManifest.xml:22:13-26:29
34                <action android:name="android.intent.action.MAIN" />
34-->src/main/AndroidManifest.xml:23:17-69
34-->src/main/AndroidManifest.xml:23:25-66
35
36                <category android:name="android.intent.category.LAUNCHER" />
36-->src/main/AndroidManifest.xml:25:17-77
36-->src/main/AndroidManifest.xml:25:27-74
37            </intent-filter>
38        </activity>
39
40        <provider
40-->[androidx.work:work-runtime:2.7.1] AndroidManifest.xml:31:9-39:20
41            android:name="androidx.startup.InitializationProvider"
41-->[androidx.work:work-runtime:2.7.1] AndroidManifest.xml:32:13-67
42            android:authorities="amc.g11.climbharder.androidx-startup"
42-->[androidx.work:work-runtime:2.7.1] AndroidManifest.xml:33:13-68
43            android:exported="false" >
43-->[androidx.work:work-runtime:2.7.1] AndroidManifest.xml:34:13-37
44            <meta-data
44-->[androidx.work:work-runtime:2.7.1] AndroidManifest.xml:36:13-38:52
45                android:name="androidx.work.WorkManagerInitializer"
45-->[androidx.work:work-runtime:2.7.1] AndroidManifest.xml:37:17-68
46                android:value="androidx.startup" />
46-->[androidx.work:work-runtime:2.7.1] AndroidManifest.xml:38:17-49
47            <meta-data
47-->[androidx.emoji2:emoji2:1.0.0] AndroidManifest.xml:31:13-33:52
48                android:name="androidx.emoji2.text.EmojiCompatInitializer"
48-->[androidx.emoji2:emoji2:1.0.0] AndroidManifest.xml:32:17-75
49                android:value="androidx.startup" />
49-->[androidx.emoji2:emoji2:1.0.0] AndroidManifest.xml:33:17-49
50            <meta-data
50-->[androidx.lifecycle:lifecycle-process:2.4.0] AndroidManifest.xml:31:13-33:52
51                android:name="androidx.lifecycle.ProcessLifecycleInitializer"
51-->[androidx.lifecycle:lifecycle-process:2.4.0] AndroidManifest.xml:32:17-78
52                android:value="androidx.startup" />
52-->[androidx.lifecycle:lifecycle-process:2.4.0] AndroidManifest.xml:33:17-49
53        </provider>
54
55        <service
55-->[androidx.work:work-runtime:2.7.1] AndroidManifest.xml:41:9-46:35
56            android:name="androidx.work.impl.background.systemalarm.SystemAlarmService"
56-->[androidx.work:work-runtime:2.7.1] AndroidManifest.xml:42:13-88
57            android:directBootAware="false"
57-->[androidx.work:work-runtime:2.7.1] AndroidManifest.xml:43:13-44
58            android:enabled="@bool/enable_system_alarm_service_default"
58-->[androidx.work:work-runtime:2.7.1] AndroidManifest.xml:44:13-72
59            android:exported="false" />
59-->[androidx.work:work-runtime:2.7.1] AndroidManifest.xml:45:13-37
60        <service
60-->[androidx.work:work-runtime:2.7.1] AndroidManifest.xml:47:9-53:35
61            android:name="androidx.work.impl.background.systemjob.SystemJobService"
61-->[androidx.work:work-runtime:2.7.1] AndroidManifest.xml:48:13-84
62            android:directBootAware="false"
62-->[androidx.work:work-runtime:2.7.1] AndroidManifest.xml:49:13-44
63            android:enabled="@bool/enable_system_job_service_default"
63-->[androidx.work:work-runtime:2.7.1] AndroidManifest.xml:50:13-70
64            android:exported="true"
64-->[androidx.work:work-runtime:2.7.1] AndroidManifest.xml:51:13-36
65            android:permission="android.permission.BIND_JOB_SERVICE" />
65-->[androidx.work:work-runtime:2.7.1] AndroidManifest.xml:52:13-69
66        <service
66-->[androidx.work:work-runtime:2.7.1] AndroidManifest.xml:54:9-59:35
67            android:name="androidx.work.impl.foreground.SystemForegroundService"
67-->[androidx.work:work-runtime:2.7.1] AndroidManifest.xml:55:13-81
68            android:directBootAware="false"
68-->[androidx.work:work-runtime:2.7.1] AndroidManifest.xml:56:13-44
69            android:enabled="@bool/enable_system_foreground_service_default"
69-->[androidx.work:work-runtime:2.7.1] AndroidManifest.xml:57:13-77
70            android:exported="false" />
70-->[androidx.work:work-runtime:2.7.1] AndroidManifest.xml:58:13-37
71
72        <receiver
72-->[androidx.work:work-runtime:2.7.1] AndroidManifest.xml:61:9-66:35
73            android:name="androidx.work.impl.utils.ForceStopRunnable$BroadcastReceiver"
73-->[androidx.work:work-runtime:2.7.1] AndroidManifest.xml:62:13-88
74            android:directBootAware="false"
74-->[androidx.work:work-runtime:2.7.1] AndroidManifest.xml:63:13-44
75            android:enabled="true"
75-->[androidx.work:work-runtime:2.7.1] AndroidManifest.xml:64:13-35
76            android:exported="false" />
76-->[androidx.work:work-runtime:2.7.1] AndroidManifest.xml:65:13-37
77        <receiver
77-->[androidx.work:work-runtime:2.7.1] AndroidManifest.xml:67:9-77:20
78            android:name="androidx.work.impl.background.systemalarm.ConstraintProxy$BatteryChargingProxy"
78-->[androidx.work:work-runtime:2.7.1] AndroidManifest.xml:68:13-106
79            android:directBootAware="false"
79-->[androidx.work:work-runtime:2.7.1] AndroidManifest.xml:69:13-44
80            android:enabled="false"
80-->[androidx.work:work-runtime:2.7.1] AndroidManifest.xml:70:13-36
81            android:exported="false" >
81-->[androidx.work:work-runtime:2.7.1] AndroidManifest.xml:71:13-37
82            <intent-filter>
82-->[androidx.work:work-runtime:2.7.1] AndroidManifest.xml:73:13-76:29
83                <action android:name="android.intent.action.ACTION_POWER_CONNECTED" />
83-->[androidx.work:work-runtime:2.7.1] AndroidManifest.xml:74:17-87
83-->[androidx.work:work-runtime:2.7.1] AndroidManifest.xml:74:25-84
84                <action android:name="android.intent.action.ACTION_POWER_DISCONNECTED" />
84-->[androidx.work:work-runtime:2.7.1] AndroidManifest.xml:75:17-90
84-->[androidx.work:work-runtime:2.7.1] AndroidManifest.xml:75:25-87
85            </intent-filter>
86        </receiver>
87        <receiver
87-->[androidx.work:work-runtime:2.7.1] AndroidManifest.xml:78:9-88:20
88            android:name="androidx.work.impl.background.systemalarm.ConstraintProxy$BatteryNotLowProxy"
88-->[androidx.work:work-runtime:2.7.1] AndroidManifest.xml:79:13-104
89            android:directBootAware="false"
89-->[androidx.work:work-runtime:2.7.1] AndroidManifest.xml:80:13-44
90            android:enabled="false"
90-->[androidx.work:work-runtime:2.7.1] AndroidManifest.xml:81:13-36
91            android:exported="false" >
91-->[androidx.work:work-runtime:2.7.1] AndroidManifest.xml:82:13-37
92            <intent-filter>
92-->[androidx.work:work-runtime:2.7.1] AndroidManifest.xml:84:13-87:29
93                <action android:name="android.intent.action.BATTERY_OKAY" />
93-->[androidx.work:work-runtime:2.7.1] AndroidManifest.xml:85:17-77
93-->[androidx.work:work-runtime:2.7.1] AndroidManifest.xml:85:25-74
94                <action android:name="android.intent.action.BATTERY_LOW" />
94-->[androidx.work:work-runtime:2.7.1] AndroidManifest.xml:86:17-76
94-->[androidx.work:work-runtime:2.7.1] AndroidManifest.xml:86:25-73
95            </intent-filter>
96        </receiver>
97        <receiver
97-->[androidx.work:work-runtime:2.7.1] AndroidManifest.xml:89:9-99:20
98            android:name="androidx.work.impl.background.systemalarm.ConstraintProxy$StorageNotLowProxy"
98-->[androidx.work:work-runtime:2.7.1] AndroidManifest.xml:90:13-104
99            android:directBootAware="false"
99-->[androidx.work:work-runtime:2.7.1] AndroidManifest.xml:91:13-44
100            android:enabled="false"
100-->[androidx.work:work-runtime:2.7.1] AndroidManifest.xml:92:13-36
101            android:exported="false" >
101-->[androidx.work:work-runtime:2.7.1] AndroidManifest.xml:93:13-37
102            <intent-filter>
102-->[androidx.work:work-runtime:2.7.1] AndroidManifest.xml:95:13-98:29
103                <action android:name="android.intent.action.DEVICE_STORAGE_LOW" />
103-->[androidx.work:work-runtime:2.7.1] AndroidManifest.xml:96:17-83
103-->[androidx.work:work-runtime:2.7.1] AndroidManifest.xml:96:25-80
104                <action android:name="android.intent.action.DEVICE_STORAGE_OK" />
104-->[androidx.work:work-runtime:2.7.1] AndroidManifest.xml:97:17-82
104-->[androidx.work:work-runtime:2.7.1] AndroidManifest.xml:97:25-79
105            </intent-filter>
106        </receiver>
107        <receiver
107-->[androidx.work:work-runtime:2.7.1] AndroidManifest.xml:100:9-109:20
108            android:name="androidx.work.impl.background.systemalarm.ConstraintProxy$NetworkStateProxy"
108-->[androidx.work:work-runtime:2.7.1] AndroidManifest.xml:101:13-103
109            android:directBootAware="false"
109-->[androidx.work:work-runtime:2.7.1] AndroidManifest.xml:102:13-44
110            android:enabled="false"
110-->[androidx.work:work-runtime:2.7.1] AndroidManifest.xml:103:13-36
111            android:exported="false" >
111-->[androidx.work:work-runtime:2.7.1] AndroidManifest.xml:104:13-37
112            <intent-filter>
112-->[androidx.work:work-runtime:2.7.1] AndroidManifest.xml:106:13-108:29
113                <action android:name="android.net.conn.CONNECTIVITY_CHANGE" />
113-->[androidx.work:work-runtime:2.7.1] AndroidManifest.xml:107:17-79
113-->[androidx.work:work-runtime:2.7.1] AndroidManifest.xml:107:25-76
114            </intent-filter>
115        </receiver>
116        <receiver
116-->[androidx.work:work-runtime:2.7.1] AndroidManifest.xml:110:9-121:20
117            android:name="androidx.work.impl.background.systemalarm.RescheduleReceiver"
117-->[androidx.work:work-runtime:2.7.1] AndroidManifest.xml:111:13-88
118            android:directBootAware="false"
118-->[androidx.work:work-runtime:2.7.1] AndroidManifest.xml:112:13-44
119            android:enabled="false"
119-->[androidx.work:work-runtime:2.7.1] AndroidManifest.xml:113:13-36
120            android:exported="false" >
120-->[androidx.work:work-runtime:2.7.1] AndroidManifest.xml:114:13-37
121            <intent-filter>
121-->[androidx.work:work-runtime:2.7.1] AndroidManifest.xml:116:13-120:29
122                <action android:name="android.intent.action.BOOT_COMPLETED" />
122-->[androidx.work:work-runtime:2.7.1] AndroidManifest.xml:117:17-79
122-->[androidx.work:work-runtime:2.7.1] AndroidManifest.xml:117:25-76
123                <action android:name="android.intent.action.TIME_SET" />
123-->[androidx.work:work-runtime:2.7.1] AndroidManifest.xml:118:17-73
123-->[androidx.work:work-runtime:2.7.1] AndroidManifest.xml:118:25-70
124                <action android:name="android.intent.action.TIMEZONE_CHANGED" />
124-->[androidx.work:work-runtime:2.7.1] AndroidManifest.xml:119:17-81
124-->[androidx.work:work-runtime:2.7.1] AndroidManifest.xml:119:25-78
125            </intent-filter>
126        </receiver>
127        <receiver
127-->[androidx.work:work-runtime:2.7.1] AndroidManifest.xml:122:9-131:20
128            android:name="androidx.work.impl.background.systemalarm.ConstraintProxyUpdateReceiver"
128-->[androidx.work:work-runtime:2.7.1] AndroidManifest.xml:123:13-99
129            android:directBootAware="false"
129-->[androidx.work:work-runtime:2.7.1] AndroidManifest.xml:124:13-44
130            android:enabled="@bool/enable_system_alarm_service_default"
130-->[androidx.work:work-runtime:2.7.1] AndroidManifest.xml:125:13-72
131            android:exported="false" >
131-->[androidx.work:work-runtime:2.7.1] AndroidManifest.xml:126:13-37
132            <intent-filter>
132-->[androidx.work:work-runtime:2.7.1] AndroidManifest.xml:128:13-130:29
133                <action android:name="androidx.work.impl.background.systemalarm.UpdateProxies" />
133-->[androidx.work:work-runtime:2.7.1] AndroidManifest.xml:129:17-98
133-->[androidx.work:work-runtime:2.7.1] AndroidManifest.xml:129:25-95
134            </intent-filter>
135        </receiver>
136        <receiver
136-->[androidx.work:work-runtime:2.7.1] AndroidManifest.xml:132:9-142:20
137            android:name="androidx.work.impl.diagnostics.DiagnosticsReceiver"
137-->[androidx.work:work-runtime:2.7.1] AndroidManifest.xml:133:13-78
138            android:directBootAware="false"
138-->[androidx.work:work-runtime:2.7.1] AndroidManifest.xml:134:13-44
139            android:enabled="true"
139-->[androidx.work:work-runtime:2.7.1] AndroidManifest.xml:135:13-35
140            android:exported="true"
140-->[androidx.work:work-runtime:2.7.1] AndroidManifest.xml:136:13-36
141            android:permission="android.permission.DUMP" >
141-->[androidx.work:work-runtime:2.7.1] AndroidManifest.xml:137:13-57
142            <intent-filter>
142-->[androidx.work:work-runtime:2.7.1] AndroidManifest.xml:139:13-141:29
143                <action android:name="androidx.work.diagnostics.REQUEST_DIAGNOSTICS" />
143-->[androidx.work:work-runtime:2.7.1] AndroidManifest.xml:140:17-88
143-->[androidx.work:work-runtime:2.7.1] AndroidManifest.xml:140:25-85
144            </intent-filter>
145        </receiver>
146
147        <service
147-->[androidx.room:room-runtime:2.4.1] AndroidManifest.xml:25:9-28:40
148            android:name="androidx.room.MultiInstanceInvalidationService"
148-->[androidx.room:room-runtime:2.4.1] AndroidManifest.xml:26:13-74
149            android:directBootAware="true"
149-->[androidx.room:room-runtime:2.4.1] AndroidManifest.xml:27:13-43
150            android:exported="false" />
150-->[androidx.room:room-runtime:2.4.1] AndroidManifest.xml:28:13-37
151    </application>
152
153</manifest>